[2026-02-06 09:40:54] - Inicio ejecución (.\equipos.csv) - OK
[2026-02-06 09:40:54] - Crear equipo IT-PC01 en CN=Computers,DC=juan,DC=local - OK (creado)
[2026-02-06 09:40:54] - Crear equipo IT-PC02 en CN=Computers,DC=juan,DC=local - OK (creado)
[2026-02-06 09:40:54] - Crear equipo IT-PC03 en CN=Computers,DC=juan,DC=local - OK (creado)
[2026-02-06 09:40:54] - Crear equipo IT-PC04 en CN=Computers,DC=juan,DC=local - OK (creado)
[2026-02-06 09:40:54] - Crear equipo IT-PC05 en CN=Computers,DC=juan,DC=local - OK (creado)
[2026-02-06 09:40:54] - Crear equipo RRHH-PC01 en CN=Computers,DC=juan,DC=local - OK (creado)
[2026-02-06 09:40:55] - Crear equipo RRHH-PC02 en CN=Computers,DC=juan,DC=local - OK (creado)
[2026-02-06 09:40:55] - Crear equipo RRHH-PC03 en CN=Computers,DC=juan,DC=local - OK (creado)
[2026-02-06 09:40:55] - Crear equipo RRHH-PC04 en CN=Computers,DC=juan,DC=local - OK (creado)
[2026-02-06 09:40:55] - Crear equipo RRHH-PC05 en CN=Computers,DC=juan,DC=local - OK (creado)
[2026-02-06 09:40:55] - Crear equipo VENT-PC01 en CN=Computers,DC=juan,DC=local - OK (creado)
[2026-02-06 09:40:55] - Crear equipo VENT-PC02 en CN=Computers,DC=juan,DC=local - OK (creado)
[2026-02-06 09:40:55] - Crear equipo VENT-PC03 en CN=Computers,DC=juan,DC=local - OK (creado)
[2026-02-06 09:40:55] - Crear equipo VENT-PC04 en CN=Computers,DC=juan,DC=local - OK (creado)
[2026-02-06 09:40:55] - Crear equipo VENT-PC05 en CN=Computers,DC=juan,DC=local - OK (creado)
[2026-02-06 09:40:55] - Crear equipo SOP-PC01 en CN=Computers,DC=juan,DC=local - OK (creado)
[2026-02-06 09:40:55] - Crear equipo SOP-PC02 en CN=Computers,DC=juan,DC=local - OK (creado)
[2026-02-06 09:40:55] - Crear equipo SOP-PC03 en CN=Computers,DC=juan,DC=local - OK (creado)
[2026-02-06 09:40:55] - Crear equipo SOP-PC04 en CN=Computers,DC=juan,DC=local - OK (creado)
[2026-02-06 09:40:55] - Crear equipo SOP-PC05 en CN=Computers,DC=juan,DC=local - OK (creado)
[2026-02-06 09:40:55] - Crear equipo FIN-PC01 en CN=Computers,DC=juan,DC=local - OK (creado)
[2026-02-06 09:40:55] - Crear equipo FIN-PC02 en CN=Computers,DC=juan,DC=local - OK (creado)
[2026-02-06 09:40:55] - Crear equipo FIN-PC03 en CN=Computers,DC=juan,DC=local - OK (creado)
[2026-02-06 09:40:55] - Crear equipo FIN-PC04 en CN=Computers,DC=juan,DC=local - OK (creado)
[2026-02-06 09:40:55] - Crear equipo FIN-PC05 en CN=Computers,DC=juan,DC=local - OK (creado)
[2026-02-06 09:40:55] - Fin ejecución (.\equipos.csv) - OK
