[2026-02-06 09:45:32] - Inicio ejecución (origen: CN=Computers,DC=juan,DC=local) - OK
[2026-02-06 09:45:32] - Comprobar OU OU=Empresa,DC=juan,DC=local - OK (existe)
[2026-02-06 09:45:32] - Crear OU OU=Equipos,OU=Empresa,DC=juan,DC=local - OK (creada)
[2026-02-06 09:45:32] - Comprobar OU OU=Empresa,DC=juan,DC=local - OK (existe)
[2026-02-06 09:45:32] - Comprobar OU OU=Equipos,OU=Empresa,DC=juan,DC=local - OK (existe)
[2026-02-06 09:45:32] - Crear OU OU=IT,OU=Equipos,OU=Empresa,DC=juan,DC=local - OK (creada)
[2026-02-06 09:45:32] - Mover IT-PC01 -> OU=IT,OU=Equipos,OU=Empresa,DC=juan,DC=local - OK
[2026-02-06 09:45:32] - Comprobar OU OU=Empresa,DC=juan,DC=local - OK (existe)
[2026-02-06 09:45:32] - Comprobar OU OU=Equipos,OU=Empresa,DC=juan,DC=local - OK (existe)
[2026-02-06 09:45:32] - Comprobar OU OU=IT,OU=Equipos,OU=Empresa,DC=juan,DC=local - OK (existe)
[2026-02-06 09:45:32] - Mover IT-PC02 -> OU=IT,OU=Equipos,OU=Empresa,DC=juan,DC=local - OK
[2026-02-06 09:45:32] - Comprobar OU OU=Empresa,DC=juan,DC=local - OK (existe)
[2026-02-06 09:45:32] - Comprobar OU OU=Equipos,OU=Empresa,DC=juan,DC=local - OK (existe)
[2026-02-06 09:45:32] - Comprobar OU OU=IT,OU=Equipos,OU=Empresa,DC=juan,DC=local - OK (existe)
[2026-02-06 09:45:32] - Mover IT-PC03 -> OU=IT,OU=Equipos,OU=Empresa,DC=juan,DC=local - OK
[2026-02-06 09:45:32] - Comprobar OU OU=Empresa,DC=juan,DC=local - OK (existe)
[2026-02-06 09:45:32] - Comprobar OU OU=Equipos,OU=Empresa,DC=juan,DC=local - OK (existe)
[2026-02-06 09:45:32] - Comprobar OU OU=IT,OU=Equipos,OU=Empresa,DC=juan,DC=local - OK (existe)
[2026-02-06 09:45:32] - Mover IT-PC04 -> OU=IT,OU=Equipos,OU=Empresa,DC=juan,DC=local - OK
[2026-02-06 09:45:32] - Comprobar OU OU=Empresa,DC=juan,DC=local - OK (existe)
[2026-02-06 09:45:32] - Comprobar OU OU=Equipos,OU=Empresa,DC=juan,DC=local - OK (existe)
[2026-02-06 09:45:32] - Comprobar OU OU=IT,OU=Equipos,OU=Empresa,DC=juan,DC=local - OK (existe)
[2026-02-06 09:45:32] - Mover IT-PC05 -> OU=IT,OU=Equipos,OU=Empresa,DC=juan,DC=local - OK
[2026-02-06 09:45:32] - Comprobar OU OU=Empresa,DC=juan,DC=local - OK (existe)
[2026-02-06 09:45:32] - Comprobar OU OU=Equipos,OU=Empresa,DC=juan,DC=local - OK (existe)
[2026-02-06 09:45:32] - Crear OU OU=RRHH,OU=Equipos,OU=Empresa,DC=juan,DC=local - OK (creada)
[2026-02-06 09:45:32] - Mover RRHH-PC01 -> OU=RRHH,OU=Equipos,OU=Empresa,DC=juan,DC=local - OK
[2026-02-06 09:45:32] - Comprobar OU OU=Empresa,DC=juan,DC=local - OK (existe)
[2026-02-06 09:45:32] - Comprobar OU OU=Equipos,OU=Empresa,DC=juan,DC=local - OK (existe)
[2026-02-06 09:45:32] - Comprobar OU OU=RRHH,OU=Equipos,OU=Empresa,DC=juan,DC=local - OK (existe)
[2026-02-06 09:45:32] - Mover RRHH-PC02 -> OU=RRHH,OU=Equipos,OU=Empresa,DC=juan,DC=local - OK
[2026-02-06 09:45:32] - Comprobar OU OU=Empresa,DC=juan,DC=local - OK (existe)
[2026-02-06 09:45:32] - Comprobar OU OU=Equipos,OU=Empresa,DC=juan,DC=local - OK (existe)
[2026-02-06 09:45:32] - Comprobar OU OU=RRHH,OU=Equipos,OU=Empresa,DC=juan,DC=local - OK (existe)
[2026-02-06 09:45:32] - Mover RRHH-PC03 -> OU=RRHH,OU=Equipos,OU=Empresa,DC=juan,DC=local - OK
[2026-02-06 09:45:32] - Comprobar OU OU=Empresa,DC=juan,DC=local - OK (existe)
[2026-02-06 09:45:32] - Comprobar OU OU=Equipos,OU=Empresa,DC=juan,DC=local - OK (existe)
[2026-02-06 09:45:32] - Comprobar OU OU=RRHH,OU=Equipos,OU=Empresa,DC=juan,DC=local - OK (existe)
[2026-02-06 09:45:32] - Mover RRHH-PC04 -> OU=RRHH,OU=Equipos,OU=Empresa,DC=juan,DC=local - OK
[2026-02-06 09:45:32] - Comprobar OU OU=Empresa,DC=juan,DC=local - OK (existe)
[2026-02-06 09:45:32] - Comprobar OU OU=Equipos,OU=Empresa,DC=juan,DC=local - OK (existe)
[2026-02-06 09:45:32] - Comprobar OU OU=RRHH,OU=Equipos,OU=Empresa,DC=juan,DC=local - OK (existe)
[2026-02-06 09:45:32] - Mover RRHH-PC05 -> OU=RRHH,OU=Equipos,OU=Empresa,DC=juan,DC=local - OK
[2026-02-06 09:45:32] - Comprobar OU OU=Empresa,DC=juan,DC=local - OK (existe)
[2026-02-06 09:45:32] - Comprobar OU OU=Equipos,OU=Empresa,DC=juan,DC=local - OK (existe)
[2026-02-06 09:45:32] - Crear OU OU=Ventas,OU=Equipos,OU=Empresa,DC=juan,DC=local - OK (creada)
[2026-02-06 09:45:32] - Mover VENT-PC01 -> OU=Ventas,OU=Equipos,OU=Empresa,DC=juan,DC=local - OK
[2026-02-06 09:45:32] - Comprobar OU OU=Empresa,DC=juan,DC=local - OK (existe)
[2026-02-06 09:45:32] - Comprobar OU OU=Equipos,OU=Empresa,DC=juan,DC=local - OK (existe)
[2026-02-06 09:45:32] - Comprobar OU OU=Ventas,OU=Equipos,OU=Empresa,DC=juan,DC=local - OK (existe)
[2026-02-06 09:45:32] - Mover VENT-PC02 -> OU=Ventas,OU=Equipos,OU=Empresa,DC=juan,DC=local - OK
[2026-02-06 09:45:32] - Comprobar OU OU=Empresa,DC=juan,DC=local - OK (existe)
[2026-02-06 09:45:32] - Comprobar OU OU=Equipos,OU=Empresa,DC=juan,DC=local - OK (existe)
[2026-02-06 09:45:32] - Comprobar OU OU=Ventas,OU=Equipos,OU=Empresa,DC=juan,DC=local - OK (existe)
[2026-02-06 09:45:32] - Mover VENT-PC03 -> OU=Ventas,OU=Equipos,OU=Empresa,DC=juan,DC=local - OK
[2026-02-06 09:45:32] - Comprobar OU OU=Empresa,DC=juan,DC=local - OK (existe)
[2026-02-06 09:45:32] - Comprobar OU OU=Equipos,OU=Empresa,DC=juan,DC=local - OK (existe)
[2026-02-06 09:45:32] - Comprobar OU OU=Ventas,OU=Equipos,OU=Empresa,DC=juan,DC=local - OK (existe)
[2026-02-06 09:45:32] - Mover VENT-PC04 -> OU=Ventas,OU=Equipos,OU=Empresa,DC=juan,DC=local - OK
[2026-02-06 09:45:32] - Comprobar OU OU=Empresa,DC=juan,DC=local - OK (existe)
[2026-02-06 09:45:32] - Comprobar OU OU=Equipos,OU=Empresa,DC=juan,DC=local - OK (existe)
[2026-02-06 09:45:32] - Comprobar OU OU=Ventas,OU=Equipos,OU=Empresa,DC=juan,DC=local - OK (existe)
[2026-02-06 09:45:32] - Mover VENT-PC05 -> OU=Ventas,OU=Equipos,OU=Empresa,DC=juan,DC=local - OK
[2026-02-06 09:45:32] - Comprobar OU OU=Empresa,DC=juan,DC=local - OK (existe)
[2026-02-06 09:45:32] - Comprobar OU OU=Equipos,OU=Empresa,DC=juan,DC=local - OK (existe)
[2026-02-06 09:45:32] - Crear OU OU=Soporte,OU=Equipos,OU=Empresa,DC=juan,DC=local - OK (creada)
[2026-02-06 09:45:32] - Mover SOP-PC01 -> OU=Soporte,OU=Equipos,OU=Empresa,DC=juan,DC=local - OK
[2026-02-06 09:45:32] - Comprobar OU OU=Empresa,DC=juan,DC=local - OK (existe)
[2026-02-06 09:45:32] - Comprobar OU OU=Equipos,OU=Empresa,DC=juan,DC=local - OK (existe)
[2026-02-06 09:45:32] - Comprobar OU OU=Soporte,OU=Equipos,OU=Empresa,DC=juan,DC=local - OK (existe)
[2026-02-06 09:45:32] - Mover SOP-PC02 -> OU=Soporte,OU=Equipos,OU=Empresa,DC=juan,DC=local - OK
[2026-02-06 09:45:32] - Comprobar OU OU=Empresa,DC=juan,DC=local - OK (existe)
[2026-02-06 09:45:32] - Comprobar OU OU=Equipos,OU=Empresa,DC=juan,DC=local - OK (existe)
[2026-02-06 09:45:32] - Comprobar OU OU=Soporte,OU=Equipos,OU=Empresa,DC=juan,DC=local - OK (existe)
[2026-02-06 09:45:32] - Mover SOP-PC03 -> OU=Soporte,OU=Equipos,OU=Empresa,DC=juan,DC=local - OK
[2026-02-06 09:45:32] - Comprobar OU OU=Empresa,DC=juan,DC=local - OK (existe)
[2026-02-06 09:45:32] - Comprobar OU OU=Equipos,OU=Empresa,DC=juan,DC=local - OK (existe)
[2026-02-06 09:45:32] - Comprobar OU OU=Soporte,OU=Equipos,OU=Empresa,DC=juan,DC=local - OK (existe)
[2026-02-06 09:45:32] - Mover SOP-PC04 -> OU=Soporte,OU=Equipos,OU=Empresa,DC=juan,DC=local - OK
[2026-02-06 09:45:32] - Comprobar OU OU=Empresa,DC=juan,DC=local - OK (existe)
[2026-02-06 09:45:32] - Comprobar OU OU=Equipos,OU=Empresa,DC=juan,DC=local - OK (existe)
[2026-02-06 09:45:32] - Comprobar OU OU=Soporte,OU=Equipos,OU=Empresa,DC=juan,DC=local - OK (existe)
[2026-02-06 09:45:32] - Mover SOP-PC05 -> OU=Soporte,OU=Equipos,OU=Empresa,DC=juan,DC=local - OK
[2026-02-06 09:45:32] - Comprobar OU OU=Empresa,DC=juan,DC=local - OK (existe)
[2026-02-06 09:45:32] - Comprobar OU OU=Equipos,OU=Empresa,DC=juan,DC=local - OK (existe)
[2026-02-06 09:45:32] - Crear OU OU=Finanzas,OU=Equipos,OU=Empresa,DC=juan,DC=local - OK (creada)
[2026-02-06 09:45:32] - Mover FIN-PC01 -> OU=Finanzas,OU=Equipos,OU=Empresa,DC=juan,DC=local - OK
[2026-02-06 09:45:32] - Comprobar OU OU=Empresa,DC=juan,DC=local - OK (existe)
[2026-02-06 09:45:32] - Comprobar OU OU=Equipos,OU=Empresa,DC=juan,DC=local - OK (existe)
[2026-02-06 09:45:32] - Comprobar OU OU=Finanzas,OU=Equipos,OU=Empresa,DC=juan,DC=local - OK (existe)
[2026-02-06 09:45:32] - Mover FIN-PC02 -> OU=Finanzas,OU=Equipos,OU=Empresa,DC=juan,DC=local - OK
[2026-02-06 09:45:32] - Comprobar OU OU=Empresa,DC=juan,DC=local - OK (existe)
[2026-02-06 09:45:32] - Comprobar OU OU=Equipos,OU=Empresa,DC=juan,DC=local - OK (existe)
[2026-02-06 09:45:32] - Comprobar OU OU=Finanzas,OU=Equipos,OU=Empresa,DC=juan,DC=local - OK (existe)
[2026-02-06 09:45:32] - Mover FIN-PC03 -> OU=Finanzas,OU=Equipos,OU=Empresa,DC=juan,DC=local - OK
[2026-02-06 09:45:32] - Comprobar OU OU=Empresa,DC=juan,DC=local - OK (existe)
[2026-02-06 09:45:32] - Comprobar OU OU=Equipos,OU=Empresa,DC=juan,DC=local - OK (existe)
[2026-02-06 09:45:32] - Comprobar OU OU=Finanzas,OU=Equipos,OU=Empresa,DC=juan,DC=local - OK (existe)
[2026-02-06 09:45:32] - Mover FIN-PC04 -> OU=Finanzas,OU=Equipos,OU=Empresa,DC=juan,DC=local - OK
[2026-02-06 09:45:32] - Comprobar OU OU=Empresa,DC=juan,DC=local - OK (existe)
[2026-02-06 09:45:32] - Comprobar OU OU=Equipos,OU=Empresa,DC=juan,DC=local - OK (existe)
[2026-02-06 09:45:32] - Comprobar OU OU=Finanzas,OU=Equipos,OU=Empresa,DC=juan,DC=local - OK (existe)
[2026-02-06 09:45:32] - Mover FIN-PC05 -> OU=Finanzas,OU=Equipos,OU=Empresa,DC=juan,DC=local - OK
[2026-02-06 09:45:32] - Fin ejecución - OK
