[2026-02-06 08:53:34] - Inicio ejecución (.\usuarios.csv) - OK
[2026-02-06 08:53:34] - Comprobar OU OU=Empresa,DC=juan,DC=local - OK (existe)
[2026-02-06 08:53:34] - Comprobar OU OU=Usuarios,OU=Empresa,DC=juan,DC=local - OK (existe)
[2026-02-06 08:53:34] - Comprobar OU OU=IT,OU=Usuarios,OU=Empresa,DC=juan,DC=local - OK (existe)
[2026-02-06 08:53:34] - Crear grupo GS_it en OU=IT,OU=Usuarios,OU=Empresa,DC=juan,DC=local - OK (creado)
[2026-02-06 08:53:35] - Crear usuario agarcia (agarcia@juan.local) en OU=IT,OU=Usuarios,OU=Empresa,DC=juan,DC=local - OK (creado)
[2026-02-06 08:53:35] - Añadir agarcia al grupo GS_it - OK
[2026-02-06 08:53:35] - Comprobar OU OU=Empresa,DC=juan,DC=local - OK (existe)
[2026-02-06 08:53:35] - Comprobar OU OU=Usuarios,OU=Empresa,DC=juan,DC=local - OK (existe)
[2026-02-06 08:53:35] - Comprobar OU OU=IT,OU=Usuarios,OU=Empresa,DC=juan,DC=local - OK (existe)
[2026-02-06 08:53:35] - Comprobar grupo GS_it - OK (existe)
[2026-02-06 08:53:35] - Crear usuario jlopez (jlopez@juan.local) en OU=IT,OU=Usuarios,OU=Empresa,DC=juan,DC=local - OK (creado)
[2026-02-06 08:53:35] - Añadir jlopez al grupo GS_it - OK
[2026-02-06 08:53:35] - Comprobar OU OU=Empresa,DC=juan,DC=local - OK (existe)
[2026-02-06 08:53:35] - Comprobar OU OU=Usuarios,OU=Empresa,DC=juan,DC=local - OK (existe)
[2026-02-06 08:53:35] - Comprobar OU OU=RRHH,OU=Usuarios,OU=Empresa,DC=juan,DC=local - OK (existe)
[2026-02-06 08:53:35] - Crear grupo GS_rrhh en OU=RRHH,OU=Usuarios,OU=Empresa,DC=juan,DC=local - OK (creado)
[2026-02-06 08:53:35] - Crear usuario lperez (lperez@juan.local) en OU=RRHH,OU=Usuarios,OU=Empresa,DC=juan,DC=local - OK (creado)
[2026-02-06 08:53:35] - Añadir lperez al grupo GS_rrhh - OK
[2026-02-06 08:53:35] - Comprobar OU OU=Empresa,DC=juan,DC=local - OK (existe)
[2026-02-06 08:53:35] - Comprobar OU OU=Usuarios,OU=Empresa,DC=juan,DC=local - OK (existe)
[2026-02-06 08:53:35] - Comprobar OU OU=RRHH,OU=Usuarios,OU=Empresa,DC=juan,DC=local - OK (existe)
[2026-02-06 08:53:35] - Comprobar grupo GS_rrhh - OK (existe)
[2026-02-06 08:53:35] - Crear usuario msanchez (msanchez@juan.local) en OU=RRHH,OU=Usuarios,OU=Empresa,DC=juan,DC=local - OK (creado)
[2026-02-06 08:53:35] - Añadir msanchez al grupo GS_rrhh - OK
[2026-02-06 08:53:35] - Comprobar OU OU=Empresa,DC=juan,DC=local - OK (existe)
[2026-02-06 08:53:35] - Comprobar OU OU=Usuarios,OU=Empresa,DC=juan,DC=local - OK (existe)
[2026-02-06 08:53:35] - Comprobar OU OU=Ventas,OU=Usuarios,OU=Empresa,DC=juan,DC=local - OK (existe)
[2026-02-06 08:53:35] - Crear grupo GS_ventas en OU=Ventas,OU=Usuarios,OU=Empresa,DC=juan,DC=local - OK (creado)
[2026-02-06 08:53:35] - Crear usuario cruiz (cruiz@juan.local) en OU=Ventas,OU=Usuarios,OU=Empresa,DC=juan,DC=local - OK (creado)
[2026-02-06 08:53:35] - Añadir cruiz al grupo GS_ventas - OK
[2026-02-06 08:53:35] - Comprobar OU OU=Empresa,DC=juan,DC=local - OK (existe)
[2026-02-06 08:53:35] - Comprobar OU OU=Usuarios,OU=Empresa,DC=juan,DC=local - OK (existe)
[2026-02-06 08:53:35] - Comprobar OU OU=Ventas,OU=Usuarios,OU=Empresa,DC=juan,DC=local - OK (existe)
[2026-02-06 08:53:35] - Comprobar grupo GS_ventas - OK (existe)
[2026-02-06 08:53:35] - Crear usuario dmartin (dmartin@juan.local) en OU=Ventas,OU=Usuarios,OU=Empresa,DC=juan,DC=local - OK (creado)
[2026-02-06 08:53:35] - Añadir dmartin al grupo GS_ventas - OK
[2026-02-06 08:53:35] - Comprobar OU OU=Empresa,DC=juan,DC=local - OK (existe)
[2026-02-06 08:53:35] - Comprobar OU OU=Usuarios,OU=Empresa,DC=juan,DC=local - OK (existe)
[2026-02-06 08:53:35] - Comprobar OU OU=Soporte,OU=Usuarios,OU=Empresa,DC=juan,DC=local - OK (existe)
[2026-02-06 08:53:35] - Crear grupo GS_soporte en OU=Soporte,OU=Usuarios,OU=Empresa,DC=juan,DC=local - OK (creado)
[2026-02-06 08:53:35] - Crear usuario sdiaz (sdiaz@juan.local) en OU=Soporte,OU=Usuarios,OU=Empresa,DC=juan,DC=local - OK (creado)
[2026-02-06 08:53:35] - Añadir sdiaz al grupo GS_soporte - OK
[2026-02-06 08:53:35] - Comprobar OU OU=Empresa,DC=juan,DC=local - OK (existe)
[2026-02-06 08:53:35] - Comprobar OU OU=Usuarios,OU=Empresa,DC=juan,DC=local - OK (existe)
[2026-02-06 08:53:35] - Comprobar OU OU=Soporte,OU=Usuarios,OU=Empresa,DC=juan,DC=local - OK (existe)
[2026-02-06 08:53:35] - Comprobar grupo GS_soporte - OK (existe)
[2026-02-06 08:53:35] - Crear usuario pfernandez (pfernandez@juan.local) en OU=Soporte,OU=Usuarios,OU=Empresa,DC=juan,DC=local - OK (creado)
[2026-02-06 08:53:35] - Añadir pfernandez al grupo GS_soporte - OK
[2026-02-06 08:53:35] - Comprobar OU OU=Empresa,DC=juan,DC=local - OK (existe)
[2026-02-06 08:53:35] - Comprobar OU OU=Usuarios,OU=Empresa,DC=juan,DC=local - OK (existe)
[2026-02-06 08:53:35] - Comprobar OU OU=Finanzas,OU=Usuarios,OU=Empresa,DC=juan,DC=local - OK (existe)
[2026-02-06 08:53:35] - Crear grupo GS_finanzas en OU=Finanzas,OU=Usuarios,OU=Empresa,DC=juan,DC=local - OK (creado)
[2026-02-06 08:53:35] - Crear usuario egomez (egomez@juan.local) en OU=Finanzas,OU=Usuarios,OU=Empresa,DC=juan,DC=local - OK (creado)
[2026-02-06 08:53:35] - Añadir egomez al grupo GS_finanzas - OK
[2026-02-06 08:53:35] - Comprobar OU OU=Empresa,DC=juan,DC=local - OK (existe)
[2026-02-06 08:53:35] - Comprobar OU OU=Usuarios,OU=Empresa,DC=juan,DC=local - OK (existe)
[2026-02-06 08:53:35] - Comprobar OU OU=Finanzas,OU=Usuarios,OU=Empresa,DC=juan,DC=local - OK (existe)
[2026-02-06 08:53:35] - Comprobar grupo GS_finanzas - OK (existe)
[2026-02-06 08:53:35] - Crear usuario itorres (itorres@juan.local) en OU=Finanzas,OU=Usuarios,OU=Empresa,DC=juan,DC=local - OK (creado)
[2026-02-06 08:53:35] - Añadir itorres al grupo GS_finanzas - OK
[2026-02-06 08:53:35] - Fin ejecución (.\usuarios.csv) - OK
